Oct 26 (Thu) 14:37 | === Logging started
Oct 26 (Thu) 14:37 | >>> Station: SomaFM Groove Salad
Oct 26 (Thu) 14:37 |     Andain - You Once Told Me
Oct 26 (Thu) 14:37 |     Andain - You Once Told Me (LIKED)
Oct 26 (Thu) 14:37 | === Logging stopped
Oct 30 (Mon) 08:49 | === Logging started
Oct 30 (Mon) 08:49 | >>> Station: SomaFM Groove Salad
Oct 30 (Mon) 08:49 |     St. Germain - Sure Thing
Oct 30 (Mon) 08:49 |     St. Germain - Sure Thing (LIKED)
Oct 30 (Mon) 08:49 | === Logging stopped
Nov 03 (Fri) 01:41 | === Logging started
Nov 03 (Fri) 01:41 | >>> Station: SomaFM Groove Salad
Nov 03 (Fri) 01:41 |     Thievery Corporation - Tower Seven
Nov 03 (Fri) 01:41 |     Thievery Corporation - Tower Seven (LIKED)
Nov 03 (Fri) 01:41 | === Logging stopped
Nov 03 (Fri) 10:47 | === Logging started
Nov 03 (Fri) 10:47 | >>> Station: SomaFM Groove Salad
Nov 03 (Fri) 10:47 |     Reef Project - Pacific Flying
Nov 03 (Fri) 10:47 |     Reef Project - Pacific Flying (LIKED)
Nov 03 (Fri) 10:47 | === Logging stopped
Nov 07 (Tue) 15:29 | === Logging started
Nov 07 (Tue) 15:29 | >>> Station: Groove Salad Classic (Early 2000s Ambient)
Nov 07 (Tue) 15:29 |     William Orbit - Water From A Vine Leaf
Nov 07 (Tue) 15:29 |     William Orbit - Water From A Vine Leaf (LIKED)
Nov 07 (Tue) 15:29 | === Logging stopped
Nov 09 (Thu) 16:34 | === Logging started
Nov 09 (Thu) 16:34 | >>> Station: SomaFM Groove Salad
Nov 09 (Thu) 16:34 |     Yoshinori Sunahara - Rhodes Funky Dub (Interlude)
Nov 09 (Thu) 16:34 |     Yoshinori Sunahara - Rhodes Funky Dub (Interlude) (LIKED)
Nov 09 (Thu) 16:34 | === Logging stopped
Nov 10 (Fri) 22:11 | === Logging started
Nov 10 (Fri) 22:11 | >>> Station: SomaFM Groove Salad
Nov 10 (Fri) 22:11 |     Leggo Beast - The New Deal
Nov 10 (Fri) 22:11 |     Leggo Beast - The New Deal (LIKED)
Nov 10 (Fri) 22:11 | === Logging stopped
Nov 14 (Tue) 10:03 | === Logging started
Nov 14 (Tue) 10:03 | >>> Station: SomaFM Groove Salad
Nov 14 (Tue) 10:03 |     G.O.L. - Soma Holiday
Nov 14 (Tue) 10:03 |     G.O.L. - Soma Holiday (LIKED)
Nov 14 (Tue) 10:03 | === Logging stopped
Dec 05 (Tue) 14:02 | === Logging started
Dec 05 (Tue) 14:02 | >>> Station: SomaFM Groove Salad
Dec 05 (Tue) 14:02 |     Gabor Deutsch - Sunday Morning
Dec 05 (Tue) 14:02 |     Gabor Deutsch - Sunday Morning (LIKED)
Dec 05 (Tue) 14:02 | === Logging stopped
Dec 18 (Mon) 14:07 | === Logging started
Dec 18 (Mon) 14:07 | >>> Station: Groove Salad Classic (Early 2000s Ambient)
Dec 18 (Mon) 14:07 |     Dallam - I-sense
Dec 18 (Mon) 14:07 | === Logging stopped
Dec 18 (Mon) 14:07 | === Logging started
Dec 18 (Mon) 14:07 | >>> Station: Groove Salad Classic (Early 2000s Ambient)
Dec 18 (Mon) 14:07 |     Dallam - I-sense
Dec 18 (Mon) 14:07 |     Dallam - I-sense (LIKED)
Dec 18 (Mon) 14:07 | === Logging stopped
Jan 05 (Fri) 12:01 | === Logging started
Jan 05 (Fri) 12:01 | >>> Station: Groove Salad Classic (Early 2000s Ambient)
Jan 05 (Fri) 12:01 |     The Quiet Boys - Everybody Loves The Sunshine
Jan 05 (Fri) 12:01 |     The Quiet Boys - Everybody Loves The Sunshine (LIKED)
Jan 05 (Fri) 12:01 | === Logging stopped
Jan 24 (Wed) 11:12 | === Logging started
Jan 24 (Wed) 11:12 | >>> Station: The Trip: [SomaFM]
Jan 24 (Wed) 11:12 |     Laera - Maravilla (Original Mix)
Jan 24 (Wed) 11:12 |     Laera - Maravilla (Original Mix) (LIKED)
Jan 24 (Wed) 11:12 | === Logging stopped
Jan 29 (Mon) 09:38 | === Logging started
Jan 29 (Mon) 09:38 | >>> Station: Groove Salad Classic (Early 2000s Ambient)
Jan 29 (Mon) 09:38 |     Baby Mammoth - Frank's Angels
Jan 29 (Mon) 09:38 |     Baby Mammoth - Frank's Angels (LIKED)
Jan 29 (Mon) 09:38 | === Logging stopped
Jan 29 (Mon) 10:01 | === Logging started
Jan 29 (Mon) 10:01 | >>> Station: Groove Salad Classic (Early 2000s Ambient)
Jan 29 (Mon) 10:01 |     Irresistible Force - Nepalese Bliss (Fila Brazilla)
Jan 29 (Mon) 10:01 |     Irresistible Force - Nepalese Bliss (Fila Brazilla) (LIKED)
Jan 29 (Mon) 10:01 | === Logging stopped
Jan 30 (Tue) 10:46 | === Logging started
Jan 30 (Tue) 10:46 | >>> Station: SomaFM Groove Salad
Jan 30 (Tue) 10:46 |     Reef Project - Pacific Flying
Jan 30 (Tue) 10:46 |     Reef Project - Pacific Flying (LIKED)
Jan 30 (Tue) 10:46 | === Logging stopped
Feb 16 (Fri) 17:07 | === Logging started
Feb 16 (Fri) 17:07 | >>> Station: SomaFM Groove Salad
Feb 16 (Fri) 17:07 |     Baby Mammoth - Frank's Angels
Feb 16 (Fri) 17:07 |     Baby Mammoth - Frank's Angels (LIKED)
Feb 16 (Fri) 17:07 | === Logging stopped
Apr 15 (Mon) 19:33 | === Logging started
Apr 15 (Mon) 19:33 | >>> Station: Groove Salad Classic (Early 2000s Ambient)
Apr 15 (Mon) 19:33 |     Bahia Oawi - A K Musique
Apr 15 (Mon) 19:33 |     Bahia Oawi - A K Musique (LIKED)
Apr 15 (Mon) 19:33 | === Logging stopped
May 02 (Thu) 16:40 | === Logging started
May 02 (Thu) 16:40 | >>> Station: SomaFM Groove Salad
May 02 (Thu) 16:40 |     JP-Juice - Cette Planete (Sushi Club Remix)
May 02 (Thu) 16:41 |     JP-Juice - Cette Planete (Sushi Club Remix) (LIKED)
May 02 (Thu) 16:46 |     Big Url: - You're Tuned To Groove Salad
May 02 (Thu) 16:46 |     Thievery Corporation - Fragments
May 02 (Thu) 16:50 |     SomaFM Begathon - Please keep us on the air
May 02 (Thu) 16:51 |     Big Url: - Remember To Tell Your Friend
May 02 (Thu) 16:51 |     Eguana - Puddles of Autumn
May 02 (Thu) 16:56 |     Tosca - Supersunday
May 02 (Thu) 17:03 |     Krusseldorf - Ear Buds
May 02 (Thu) 17:06 |     Tor - Heikki
May 02 (Thu) 17:12 |     Liquid Zen - Orion Above
May 02 (Thu) 17:17 |     Rena Jones - Dancing With The Universe
May 02 (Thu) 17:21 |     Jaziac Sunflowers - Eyes Of Love
May 03 (Fri) 09:02 |     Beatmap - Guess What
May 03 (Fri) 09:05 |     Freakniks - Slow Roll 77
May 03 (Fri) 09:11 |     Unforscene - Nuclear Symphony (No-Intro Edit)
May 03 (Fri) 09:16 |     Cutler - Sync Estate
May 03 (Fri) 09:19 |     Supreme Beings Of Leisure - Truth From Fiction
May 03 (Fri) 09:23 |     Marconi Union - Breaking Point (Edit)
May 03 (Fri) 09:28 |     Stimulus Timbre - Hope
May 03 (Fri) 09:35 |     Tosca - Mrs Bongo
May 03 (Fri) 09:40 |     Jon Hopkins - Afterlife
May 03 (Fri) 09:44 |     Big Url: - Listener Supported, Commerci
May 03 (Fri) 09:44 |     Beat Less - Love From The Sun (Slowdown)
May 03 (Fri) 09:52 |     Fresh Moods - Divent
May 03 (Fri) 09:57 |     Forces Of Nature - Cyd Awd Da Marz
May 03 (Fri) 10:03 |     Tycho - Send And Receive
May 03 (Fri) 10:08 |     Lone - Meeker Warm Energy
May 03 (Fri) 10:12 |     Audiomontage - Abyss
May 03 (Fri) 10:18 |     Intelligent Jazz - Bionics (Jimpster's Jazz Mix)
May 03 (Fri) 10:25 |     Sound From The Ground - The Gift
May 03 (Fri) 10:32 |     Sferix - Exodus
May 03 (Fri) 10:36 |     Flight Facilities - Merimbula
May 03 (Fri) 10:42 |     Saul Stokes - Keep to busy streets
May 03 (Fri) 10:51 |     Big Url: - Groove Salad. From Your Frie
May 03 (Fri) 10:51 |     Mojo Rising - Sunday
May 03 (Fri) 10:56 |     SINE - Caught In Time
May 03 (Fri) 11:01 |     Kick Bong - Sometimes We Hope
May 03 (Fri) 11:05 |     Mo'horizons - Superworld
May 03 (Fri) 11:11 |     Union Jack - Water Drums
May 03 (Fri) 11:20 |     Kings Of Convenience - The Weight Of My Words (Four Tet Instrumental Remix)
May 03 (Fri) 11:25 |     William Orbit - The Last Lagoon
May 03 (Fri) 11:28 |     Fragment Orchestra - Water Breeze
May 03 (Fri) 11:33 |     Shakatura - Lucid Dreaming
May 03 (Fri) 11:41 |     Mono - Hello Cleveland!
May 03 (Fri) 11:47 |     Animal Firepower - Ascend
May 03 (Fri) 11:50 |     Big Url: - Listener Supported, Commerci
May 03 (Fri) 11:50 |     DJ Wally - Yes It's True
May 03 (Fri) 11:54 |     Fade - Island crossroads
May 03 (Fri) 11:59 |     Kaya Project - Desert Phase (Hibernation Remix)
May 03 (Fri) 12:04 |     Ohm-G - Thank You
May 03 (Fri) 12:09 |     Dining Rooms - Verso Il Sole
May 03 (Fri) 12:14 |     Egg - Bend
May 03 (Fri) 12:22 |     Nod Flenders - Wheezy Rider
May 03 (Fri) 12:26 |     Fug - R.F.O.
May 03 (Fri) 12:31 |     Okolokolo - Ekahalat
May 03 (Fri) 12:36 |     Simon Tassano - Scorpio Rising
May 03 (Fri) 12:43 |     Tin Box - Diamond Shores
May 03 (Fri) 12:49 |     Big Url: - Free The Phat With A Tasty Plate of Groove Salad
May 03 (Fri) 12:49 |     Detroit Escalator Co - Force
May 03 (Fri) 12:57 |     Fila Brazillia - Heat Death Of The Universe
May 03 (Fri) 13:05 |     In Da Gladiaz - Safara
May 03 (Fri) 13:11 |     Cutler - Stiletto
May 03 (Fri) 13:15 |     Jens Buchert - Aurora Dub
May 03 (Fri) 13:19 |     Deadbeats - Humdrum
May 03 (Fri) 13:26 |     Way Out West - Earth (Wave Form Remix)
May 03 (Fri) 13:32 |     Dirty Drummer - Fumar
May 03 (Fri) 13:34 |     Verbrilli Sound - Undersea War Romance
May 03 (Fri) 13:41 |     Roupe - Samnambulism
May 03 (Fri) 13:46 |     Chris Zippel - Glacier
May 03 (Fri) 13:53 |     SomaFM Begathon - That Music Again
May 03 (Fri) 13:53 |     Normandie - Legacy
May 03 (Fri) 13:58 |     Cygna - Su Abir
May 03 (Fri) 14:06 |     Digital Project - Esperanza
May 03 (Fri) 14:10 |     Evolve - Tantos Maneras
May 03 (Fri) 14:16 |     Dr. Toast - Subsun
May 03 (Fri) 14:21 |     Kiasmos - Dragged
May 03 (Fri) 14:26 |     Roni Size - Heroes
May 03 (Fri) 14:32 |     Alex Cortiz - Lemon Sunrise
May 03 (Fri) 14:38 |     Lemon Jelly - Come
May 03 (Fri) 14:46 |     Stimulus Timbre - Letting Go
May 03 (Fri) 14:52 |     Sunsphere - Beyond (Original Mix)
May 03 (Fri) 14:55 |     Big Url: - 4 Out Of 5 Employees Surveye
May 03 (Fri) 14:55 |     Holmes Ives - Where Are You (Tard Ba Underwater Remix)
May 03 (Fri) 15:00 |     Soehngen - Cc Flop
May 03 (Fri) 15:05 |     Akotcha - The Breather
May 03 (Fri) 15:10 |     Tosca - Sala
May 03 (Fri) 15:18 |     Hemisphere - Only Certitude That
May 03 (Fri) 15:22 |     The Irresistible Force - Puretone
May 03 (Fri) 15:29 |     Global Communication - The Groove
May 03 (Fri) 15:32 |     Single Cell Orchestra - Transmit Liberation
May 06 (Mon) 08:24 |     Boards Of Canada - Aquarius
May 06 (Mon) 08:26 |     Global Communication - 9 25
May 06 (Mon) 08:34 |     Reef Project - Yellow Tang
May 06 (Mon) 08:40 |     DJ Krush & Toshinori Kondo - Sun Is Shining
May 06 (Mon) 08:47 |     Holmes Ives - Where Are You (Tad Hutchinson Remix)
May 06 (Mon) 09:24 |     John Beltran - Ten Days Of Blue
May 06 (Mon) 09:28 |     Pulsate - Reunion VIP
May 06 (Mon) 09:33 |     Populous - Bon Bon Pour Les Rappers
May 06 (Mon) 09:35 |     Moss - Snaps And Shakey
May 06 (Mon) 09:42 |     Number 9 Dream - Summer Offering
May 06 (Mon) 09:48 |     Manmachineman - Funk Corner (Ambient Mix)
May 06 (Mon) 09:58 |     Fous De La Mer - Le Grand Pacifique
May 06 (Mon) 10:03 |     Groovecatcher - Kickback
May 06 (Mon) 10:07 |     Tree Bosier - Hometown
May 06 (Mon) 10:11 |     Emancipator - All in Here
May 06 (Mon) 10:50 |     Beatlab Digital Feat. Piri - Computer Meltdown
May 06 (Mon) 12:24 |     Tipper - Exit Chapel Perilous
May 06 (Mon) 12:25 |     Marconi Union - Time Lapse
May 06 (Mon) 12:32 |     Caia - Jericho
May 06 (Mon) 12:36 |     Sushi Club - Hamaguri
May 06 (Mon) 12:44 |     Epexor - Triphoppin'
May 06 (Mon) 12:52 |     Fragmentorchestra - Sambita
May 06 (Mon) 12:59 |     Bering Strait - Romance (Synkro Remix)
May 06 (Mon) 13:04 |     Celeste Lear - The Emotional Body
May 06 (Mon) 13:09 |     Hands Upon Black Earth - Heading Home
May 06 (Mon) 13:16 |     Big Url: - Groove Salad. From Your Frie
May 06 (Mon) 13:16 |     Ken Peel - Ashes And Snow
May 06 (Mon) 13:22 |     Pels Syndicate - A Beautiful Mind
May 06 (Mon) 13:28 |     Zero Cult - Muse
May 06 (Mon) 13:35 |     Build Buildings - Notices
May 06 (Mon) 13:39 |     Pitch Black - Ape To Angel
May 06 (Mon) 13:47 |     Belladonna - Meltin Guitar
May 06 (Mon) 13:54 |     Or-If-Is - Astro Radio
May 06 (Mon) 13:58 |     Dub Tractor - Scary Hh Loop
May 06 (Mon) 14:04 |     Chilled By Nature - Music Box (Ulrich Schnauss Rem
May 06 (Mon) 14:08 |     Fila Brazillia - The Light Of Jesus
May 06 (Mon) 14:15 |     Fila Brazillia - The Light Of Jesus (LIKED)
May 06 (Mon) 14:16 |     Pepe Bradock - Deep Burnt
May 06 (Mon) 14:27 |     SomaFM Begathon - Black AA Tshirts
May 06 (Mon) 14:27 |     Big Url: - Stay Cool, Stay Chilled. Wit
May 06 (Mon) 14:27 |     Lundy's Lounge - Isle De Maha
May 06 (Mon) 14:32 |     Rena Jones - The Passing Storm
May 06 (Mon) 14:37 |     Candlegravity - Going Somewhere New
May 06 (Mon) 16:43 |     Blame - Retrospect
May 06 (Mon) 16:46 |     Hanzel Und Gretyl - Stress Pill
May 06 (Mon) 16:48 |     Sine - Purity
May 06 (Mon) 16:52 |     SomaFM Begathon - That Music Again
May 06 (Mon) 16:52 |     Big Url: - Changing The Rules About Rad
May 06 (Mon) 16:52 |     Baby Mammoth - Frozen
May 07 (Tue) 08:18 |     Shantel - Backwood
May 07 (Tue) 08:18 |     Jaywalkers - Sutro Heights (from Om Lounge 4)
May 07 (Tue) 09:24 |     One Arc Degree - Macrocosm Of The Ego
May 07 (Tue) 09:30 |     Impuls - Sushi A La Bangalore
May 07 (Tue) 09:36 |     DJ Maretimo feat. Stereo Gringos - texmex 3.0 (laid back mix)
May 07 (Tue) 09:41 |     Big Url: - Listener Supported, Commerci
May 07 (Tue) 09:41 |     Future Loop Foundation - Another English Summer
May 07 (Tue) 09:47 |     Alex Cortiz - Do Birds Smoke Pot
May 07 (Tue) 09:52 |     Goloka - Monotron
May 07 (Tue) 09:56 |     Zero One - Inner Space
May 07 (Tue) 10:03 |     Thomas Lemmer - Cycle of life
May 07 (Tue) 10:08 |     Patch Work - Prefade Remix
May 07 (Tue) 10:14 |     Stef - Afterlife
May 07 (Tue) 10:23 |     Alcyone - No Time Like The Present
May 07 (Tue) 10:29 |     Cantoma - Under The Stars
May 07 (Tue) 10:33 |     Aminolen - Old Ship
May 07 (Tue) 10:36 |     Herbaliser - A Mother (For Your Mind)
May 07 (Tue) 10:43 |     Big Url: - 4 Out Of 5 Employees Surveye
May 07 (Tue) 10:43 |     Smooth Genestar - Boulevard of broken beats
May 07 (Tue) 10:52 |     Fresh Moods - Dialog
May 07 (Tue) 10:56 |     Jaffa - Elevator (The Herbaliser Mix)
May 07 (Tue) 11:01 |     Klangstein - Echoing
May 07 (Tue) 11:06 |     Christoph Sebastian Pabst - Loom
May 07 (Tue) 11:08 |     Electroslide - Tribal Spirit
May 07 (Tue) 11:13 |     Eskadet - A Bientot
May 07 (Tue) 11:18 |     Afterlife & Chris Coco - Home
May 07 (Tue) 11:23 |     Calima Shatiday - I Saw You
May 07 (Tue) 11:26 |     Lemongrass - Let's Turn On
May 07 (Tue) 11:32 |     Fila Brazillia - Snake Ranger
May 07 (Tue) 11:40 |     Big Url: - This Is Big Earl, The A I Wi
May 07 (Tue) 11:40 |     Sounds From The Ground - Cyclone
May 07 (Tue) 11:47 |     Charlie North - Carried Away
May 07 (Tue) 11:50 |     Kick Bong - In Doo
May 07 (Tue) 11:55 |     Beach Flea - F For Fake
May 07 (Tue) 12:07 |     Gold Lounge - Green Land
May 07 (Tue) 12:12 |     Bluetech - Unidentified Flying Octopus
May 07 (Tue) 12:16 |     Thievery Corporation - Lebanese Blonde
May 07 (Tue) 12:21 |     Higher Intelligence Agency - Shank
May 07 (Tue) 12:30 |     Robert Manos - With no End
May 07 (Tue) 12:33 |     International Peoples Gang - Wating Room
May 07 (Tue) 12:34 |     Steve Cobby - Between Rapture and Regret
May 07 (Tue) 12:37 |     Big Url: - You're Listening To Groove S
May 07 (Tue) 12:37 |     Sektor - Nop Island
May 07 (Tue) 12:41 |     Zoomin' Feat. Fay Sephirah - Purify Myself (Instrumental)
May 07 (Tue) 12:45 |     Mojo Rising - I Don't Care
May 07 (Tue) 12:49 |     Telefon Tel Aviv - John Thomas On The Inside Is Nothing But Foam
May 07 (Tue) 12:55 |     Baby Mammoth - Thin Air
May 07 (Tue) 13:01 |     M-Seven - World In A Raindrop
May 07 (Tue) 13:05 |     The Egg - Lost At Sea
May 07 (Tue) 13:12 |     Nightmares On Wax - Fire In The Middle
May 07 (Tue) 13:16 |     Department Of Transportation - World Outside
May 07 (Tue) 13:23 |     Sunosis - Leap
May 07 (Tue) 13:28 |     Easy, Like - Wonky Mindset
May 07 (Tue) 13:36 |     SomaFM Begathon - Black Tshirt Promo 35
May 07 (Tue) 13:36 |     Big Url: - You're Tuned To Groove Salad
May 07 (Tue) 13:37 |     Ulrich Schnauss - You We're The Only One Around
May 07 (Tue) 13:43 |     Sambox - Solstice
May 07 (Tue) 13:47 |     dZihan & Kamien - Deep Kitsch
May 07 (Tue) 13:53 |     Marvin Zeyss - Ending (Manuel-m Lowtempo Mix)
May 07 (Tue) 13:57 |     Emancipator - 1993
May 07 (Tue) 14:02 |     Eastern Sun - Once
May 07 (Tue) 14:08 |     Baaba Maal - I Will Follow You (Souka Nayo) (Thievery Remix)
May 07 (Tue) 14:13 |     Thomas Lemmer & Andreas Bach - Cozy Days
May 07 (Tue) 14:17 |     Terminal 3 - Dinner In Coach
May 07 (Tue) 14:21 |     Anguaji - Hey, Pinata
May 07 (Tue) 14:25 |     Merge Of Equals - Gravity
May 07 (Tue) 14:31 |     Big Url: - Thanks For Listening And Sup
May 07 (Tue) 14:31 |     Tosca - Chocolate Elvis
May 07 (Tue) 14:36 |     Northcape - Pastoral
May 07 (Tue) 14:38 |     Arms And Sleepers - The Inland Sea
May 07 (Tue) 14:42 |     Millenia Nova - Slow E-Motion Sightseeing
May 07 (Tue) 14:51 |     Aether - Forgive Me
May 07 (Tue) 14:53 |     Electric Skychurch - Deus
May 07 (Tue) 15:01 |     Thunderball - Golden
May 07 (Tue) 15:05 |     Thomas Lemmer - Arise
May 07 (Tue) 15:08 |     Youginia - Come In
May 07 (Tue) 15:15 |     Kava Kon - Pyramid Point
May 07 (Tue) 15:20 |     Silent Stone - Stars Bright (Original Mix)
May 07 (Tue) 15:28 |     Big Url: - Groove Salad, Listener Suppo
May 07 (Tue) 15:28 |     ten72 - Worn
May 07 (Tue) 15:31 |     DiGitum - Document 5
May 07 (Tue) 15:37 |     Jens Buchert - Aquanaut
May 07 (Tue) 15:41 |     Euphonic Traveller - Cabrillo Hwy
May 07 (Tue) 15:51 |     Celeste Lear - Marielle's Dream (Feat. colfax)
May 07 (Tue) 15:55 |     Fila Brazillia - La Boulangerie Digitale
May 07 (Tue) 15:59 |     Bullitnuts - Rhesus Perplexus
May 07 (Tue) 16:07 |     NDE - Chillinois
May 07 (Tue) 16:13 |     Alex Cortiz - Moon Drops
May 07 (Tue) 16:18 |     Gold Lounge - I'm the One
May 07 (Tue) 16:23 |     Softwaver - Salto
May 07 (Tue) 16:27 |     Yoshinori Sunahara - 747 Dub
May 07 (Tue) 16:30 | === Logging stopped
May 16 (Thu) 12:09 | === Logging started
May 16 (Thu) 12:09 | >>> Station: SomaFM Groove Salad
May 16 (Thu) 12:09 |     Murya - Carl's Last Interview
May 16 (Thu) 12:09 |     Murya - Carl's Last Interview (LIKED)
May 16 (Thu) 12:09 | === Logging stopped
May 16 (Thu) 12:17 | === Logging started
May 16 (Thu) 12:17 | >>> Station: SomaFM Groove Salad
May 16 (Thu) 12:17 |     Baby Mammoth - Frank's Angels
May 16 (Thu) 12:17 |     Baby Mammoth - Frank's Angels (LIKED)
May 16 (Thu) 12:17 | === Logging stopped
Jun 05 (Wed) 12:28 | === Logging started
Jun 05 (Wed) 12:28 | >>> Station: SomaFM Groove Salad
Jun 05 (Wed) 12:28 |     Orb - Little Fluffy Clouds
Jun 05 (Wed) 12:28 |     Orb - Little Fluffy Clouds (LIKED)
Jun 05 (Wed) 12:28 | === Logging stopped
Jun 05 (Wed) 15:39 | === Logging started
Jun 05 (Wed) 15:39 | >>> Station: SomaFM Groove Salad
Jun 05 (Wed) 15:39 |     Alex Cortiz - Spiral Chilla- (Lift Off Two)
Jun 05 (Wed) 15:39 |     Alex Cortiz - Spiral Chilla- (Lift Off Two) (LIKED)
Jun 05 (Wed) 15:39 | === Logging stopped
Jun 18 (Tue) 09:33 | === Logging started
Jun 18 (Tue) 09:33 | >>> Station: SomaFM Groove Salad
Jun 18 (Tue) 09:33 |     Banco De Gaia - Tempra
Jun 18 (Tue) 09:33 |     Banco De Gaia - Tempra (LIKED)
Jun 18 (Tue) 09:33 | === Logging stopped
Jun 20 (Thu) 10:45 | === Logging started
Jun 20 (Thu) 10:45 | >>> Station: Groove Salad Classic (Early 2000s Ambient)
Jun 20 (Thu) 10:45 |     Air - All I Need (With Beth Hirsch)
Jun 20 (Thu) 10:45 |     Air - All I Need (With Beth Hirsch) (LIKED)
Jun 20 (Thu) 10:45 | === Logging stopped
Jun 28 (Fri) 10:02 | === Logging started
Jun 28 (Fri) 10:02 | >>> Station: Downtempo (Secret Agent - SomaFM)
Jun 28 (Fri) 10:02 |     Goblin - La Via Della Droga (Seq.13 - Finale)
Jun 28 (Fri) 10:02 |     Goblin - La Via Della Droga (Seq.13 - Finale) (LIKED)
Jun 28 (Fri) 10:02 | === Logging stopped
Jul 29 (Mon) 14:25 | === Logging started
Jul 29 (Mon) 14:25 | >>> Station: SomaFM Groove Salad
Jul 29 (Mon) 14:25 |     Panorama - Selene
Jul 29 (Mon) 14:25 |     Panorama - Selene (LIKED)
Jul 29 (Mon) 14:25 | === Logging stopped
Jul 30 (Tue) 14:07 | === Logging started
Jul 30 (Tue) 14:07 | >>> Station: SomaFM Space Station
Jul 30 (Tue) 14:07 |     Tranquility Bass - Mya Yadana (Monkey Forest Medley)
Jul 30 (Tue) 14:07 |     Tranquility Bass - Mya Yadana (Monkey Forest Medley) (LIKED)
Jul 30 (Tue) 14:07 | === Logging stopped
Aug 01 (Thu) 17:48 | === Logging started
Aug 01 (Thu) 17:48 | >>> Station: Synphaera Radio (Space Music)
Aug 01 (Thu) 17:48 |     Remote Vision - Survey Pilot
Aug 01 (Thu) 17:48 |     Remote Vision - Survey Pilot (LIKED)
Aug 01 (Thu) 17:48 | === Logging stopped
Sep 04 (Wed) 13:32 | === Logging started
Sep 04 (Wed) 13:32 | >>> Station: SomaFM Groove Salad
Sep 04 (Wed) 13:32 |     Momma Gravy - Codeine Covered Cocktail Nuts
Sep 04 (Wed) 13:32 |     Momma Gravy - Codeine Covered Cocktail Nuts (LIKED)
Sep 04 (Wed) 13:32 | === Logging stopped
Sep 05 (Thu) 10:45 | === Logging started
Sep 05 (Thu) 10:45 | >>> Station: SomaFM Groove Salad
Sep 05 (Thu) 10:45 |     Capsula - To See I
Sep 05 (Thu) 10:45 |     Capsula - To See I (LIKED)
Sep 05 (Thu) 10:45 | === Logging stopped
Sep 05 (Thu) 14:33 | === Logging started
Sep 05 (Thu) 14:33 | >>> Station: SomaFM Groove Salad
Sep 05 (Thu) 14:33 |     Emancipator - Land & Sea (Feat. Molly Parti)
Sep 05 (Thu) 14:33 |     Emancipator - Land & Sea (Feat. Molly Parti) (LIKED)
Sep 05 (Thu) 14:33 | === Logging stopped
Sep 06 (Fri) 15:39 | === Logging started
Sep 06 (Fri) 15:39 | >>> Station: Rádio Bossa Nova Brazil
Sep 06 (Fri) 15:39 |     SERGIO MENDES - DESAFINADO
Sep 06 (Fri) 15:39 |     SERGIO MENDES - DESAFINADO (LIKED)
Sep 06 (Fri) 15:39 | === Logging stopped
Sep 09 (Mon) 09:20 | === Logging started
Sep 09 (Mon) 09:20 | >>> Station: SomaFM Groove Salad
Sep 09 (Mon) 09:20 |     Jaffa - Legz
Sep 09 (Mon) 09:20 |     Jaffa - Legz (LIKED)
Sep 09 (Mon) 09:20 | === Logging stopped
Sep 12 (Thu) 20:05 | === Logging started
Sep 12 (Thu) 20:05 | >>> Station: SomaFM Groove Salad
Sep 12 (Thu) 20:05 |     Global Communication - 8:07 (Maiden Voyage)
Sep 12 (Thu) 20:05 |     Global Communication - 8:07 (Maiden Voyage) (LIKED)
Sep 12 (Thu) 20:05 | === Logging stopped
Sep 16 (Mon) 11:07 | === Logging started
Sep 16 (Mon) 11:07 | >>> Station: SomaFM Space Station
Sep 16 (Mon) 11:07 |     Morphem - 15 Seconds
Sep 16 (Mon) 11:07 |     Morphem - 15 Seconds (LIKED)
Sep 16 (Mon) 11:07 | === Logging stopped
Sep 25 (Wed) 10:13 | === Logging started
Sep 25 (Wed) 10:13 | >>> Station: SomaFM Groove Salad
Sep 25 (Wed) 10:13 |     Sine - Between Seasons
Sep 25 (Wed) 10:13 |     Sine - Between Seasons (LIKED)
Sep 25 (Wed) 10:13 | === Logging stopped
Oct 08 (Tue) 16:24 | === Logging started
Oct 08 (Tue) 16:24 | >>> Station: SomaFM Groove Salad
Oct 08 (Tue) 16:24 |     dZihan & Kamien - Slowhand Hussein
Oct 08 (Tue) 16:24 |     dZihan & Kamien - Slowhand Hussein (LIKED)
Oct 08 (Tue) 16:24 | === Logging stopped
Oct 11 (Fri) 09:56 | === Logging started
Oct 11 (Fri) 09:56 | >>> Station: SomaFM Groove Salad
Oct 11 (Fri) 09:56 |     Journeyman - Latneiro (Woob's Sunrise Dub)
Oct 11 (Fri) 09:56 |     Journeyman - Latneiro (Woob's Sunrise Dub) (LIKED)
Oct 11 (Fri) 09:56 | === Logging stopped
Oct 11 (Fri) 13:58 | === Logging started
Oct 11 (Fri) 13:58 | >>> Station: SomaFM Groove Salad
Oct 11 (Fri) 13:58 |     Franco Molinari - Volare
Oct 11 (Fri) 13:58 |     Franco Molinari - Volare (LIKED)
Oct 11 (Fri) 13:58 | === Logging stopped
Oct 28 (Mon) 15:01 | === Logging started
Oct 28 (Mon) 15:01 | >>> Station: SomaFM Groove Salad
Oct 28 (Mon) 15:01 |     Quantic - The 5th Exotic
Oct 28 (Mon) 15:01 | === Logging stopped
Oct 28 (Mon) 15:01 | === Logging started
Oct 28 (Mon) 15:01 | >>> Station: SomaFM Groove Salad
Oct 28 (Mon) 15:01 |     Quantic - The 5th Exotic
Oct 28 (Mon) 15:01 | === Logging stopped
Oct 28 (Mon) 15:01 | === Logging started
Oct 28 (Mon) 15:01 | >>> Station: SomaFM Groove Salad
Oct 28 (Mon) 15:01 |     Quantic - The 5th Exotic
Oct 28 (Mon) 15:01 |     Quantic - The 5th Exotic (LIKED)
Oct 28 (Mon) 15:05 |     Attic Tree - To Let Go
Oct 28 (Mon) 15:10 |     Jens Buchert - Take Air
Oct 28 (Mon) 15:14 |     Antonio Prosper - In Waves
Oct 28 (Mon) 15:18 | >>> Station: Vaporwaves [SomaFM]
Oct 28 (Mon) 15:18 |     DUCAT & MAITRO - Codeine Lemonade
Oct 28 (Mon) 15:18 | >>> Station: The Trip: [SomaFM]
Oct 28 (Mon) 15:18 |     En Motion - The Truth
Oct 28 (Mon) 15:18 | >>> Station: Synphaera Radio (Space Music)
Oct 28 (Mon) 15:18 |     S1gns Of L1fe - Dimensional Shift
Oct 28 (Mon) 15:19 |     Lars Leonhard - Spaceflight
Oct 28 (Mon) 15:25 |     Transponder - Star Scatter
Oct 28 (Mon) 15:31 |     SomaFM Exo Station ID 06 - Beyond Light
Oct 28 (Mon) 15:31 |     Solaris - Nightbloom Unfolding
Oct 28 (Mon) 15:38 |     Reblooming - Foreboding
Oct 28 (Mon) 15:45 | >>> Station: Downtempo (Secret Agent - SomaFM)
Oct 28 (Mon) 15:45 |     The Egg - Jam Tomorrow
Oct 28 (Mon) 15:45 | >>> Station: SomaFM Groove Salad
Oct 28 (Mon) 15:45 |     Alex Cortiz - Sexy popo
Oct 28 (Mon) 15:46 |     Klangstein - Ganz Leise (Tim Angrave Mix)
Oct 28 (Mon) 15:51 |     Marc Minot - Sunrise
Oct 28 (Mon) 15:55 |     Cuica Laranja Azeda - Sour Orange Cuica
Oct 28 (Mon) 16:01 |     Dzihan & Kamien - Satelite Tank
Oct 28 (Mon) 16:08 |     Big Url: - Broadcasting Around The Worl
Oct 28 (Mon) 16:08 |     Beatlab Digital Feat. Piri - Computer Meltdown
Oct 28 (Mon) 16:13 |     Mirm - Yume
Oct 28 (Mon) 16:17 |     Merge Of Equals - The Impossible Planet
Oct 28 (Mon) 16:22 |     A Positive Life - Calling (Ambient Mix)
Oct 28 (Mon) 16:33 |     Van Basten - Perimitive (Parts 1 & 2)
Oct 28 (Mon) 16:45 |     Ceemix - Com.Unique.Ation
Oct 28 (Mon) 16:51 |     SomaFM Begathon - On the air and commercial free
Oct 28 (Mon) 16:52 |     Big Url: - This Is Groove Salad, With B
Oct 28 (Mon) 16:52 |     Sounds From The Ground - Clover
Oct 29 (Tue) 09:45 |     Zero 7 - Monday Night
Oct 29 (Tue) 09:51 |     Lemongrass - New Beginnings
Oct 29 (Tue) 09:51 |     Zero 7 - Monday Night
Oct 29 (Tue) 09:51 |     Lemongrass - New Beginnings
Oct 29 (Tue) 09:51 |     Zero 7 - Monday Night
Oct 29 (Tue) 09:51 |     Lemongrass - New Beginnings
Oct 29 (Tue) 09:55 |     One Arc Degree - Iron Rain (GS Edit)
Oct 29 (Tue) 09:59 |     D. Batistatos - After Dark
Oct 29 (Tue) 10:03 |     Elak - Remember Me
Oct 29 (Tue) 10:08 |     Galimatias & Joppe - Mintaka
Oct 29 (Tue) 10:13 |     Massive Attack - Heat Miser
Oct 29 (Tue) 10:16 |     Zero One - Search
Oct 29 (Tue) 10:24 |     John Beltran - Decembers Tragedy
Oct 29 (Tue) 10:30 |     Quant - Stimulus
Oct 29 (Tue) 10:36 |     Nosaj Thing - Realize
Oct 29 (Tue) 10:37 |     Big Url: - Free The Phat With A Tasty Plate of Groove Salad
Oct 29 (Tue) 10:37 |     Afterlife - Smooch
Oct 29 (Tue) 10:42 |     Alex Cortiz - Nevaja desert walkabout
Oct 29 (Tue) 10:48 |     yuccabuccA - Hermit
Oct 29 (Tue) 10:52 |     Herbert With Dani Siciliano - The Last Beat
Oct 29 (Tue) 10:58 |     The Irresistible Force - It's Tomorrow Already
Oct 29 (Tue) 13:04 |     Ltj Bukem - Moodswings
Oct 29 (Tue) 13:12 |     Belladonna - Moon Jumping
Oct 29 (Tue) 13:19 |     Headfridge - Nook Nook
Oct 29 (Tue) 13:24 |     Jens Buchert - Hollows
Oct 29 (Tue) 13:28 |     Shaman's Dream - Pranayamystic
Oct 29 (Tue) 13:34 |     SomaFM Begathon - Goto SomaFM Slash Tshirts
Oct 29 (Tue) 13:34 |     Klangstein - Comet
Oct 29 (Tue) 13:38 |     Paradice - Worry Breaker
Oct 29 (Tue) 13:43 |     Tipper - Just As The Sun Went Down
Oct 29 (Tue) 13:46 |     Air - Playground Love (Vibraphone Version)
Oct 29 (Tue) 13:50 |     Hands Upon Black Earth - Heading Home
Oct 29 (Tue) 13:56 |     Daniel Masson - The Backwaters
Oct 29 (Tue) 14:01 |     De-Phazz - Heartfixer
Oct 29 (Tue) 14:04 |     Alex Cortiz - Are You Looking At Me?
Oct 29 (Tue) 14:08 |     Baba Zula - Radio Pirata (Cosmic Metal Mot
Oct 29 (Tue) 14:15 |     Nordlight - Silk And Roses
Oct 29 (Tue) 14:22 |     Eric Hilton - Spiral Aura
Oct 29 (Tue) 14:27 |     Big Url: - Support Groove Salad And Kee
Oct 29 (Tue) 14:27 |     Morgan Page - Under (MP Remix)
Oct 29 (Tue) 14:33 |     Be Noir - Let The Sun Goes With Me
Oct 29 (Tue) 14:39 |     Zenstep - The Impending Far (Cosmic Ice Cream)
Oct 29 (Tue) 14:45 |     Worldwide Groove Corporation - Smoke & Mirrors
Oct 29 (Tue) 14:50 |     Visit Venus - Zoom
Oct 29 (Tue) 14:58 |     D-Echo Project - Wicked Dub (Smooth Genestar Remix)
Oct 29 (Tue) 15:06 |     Bullitnuts - Dark Horse
Oct 29 (Tue) 15:15 |     Millenia Nova - Slow E-Motion Sightseeing
Oct 29 (Tue) 15:23 |     Leggo Beast - Moon Boots
Oct 29 (Tue) 15:29 |     Moss - The Gush Of Boasts
Oct 29 (Tue) 15:34 |     Amon Tobin - Easy Muffin
Oct 29 (Tue) 15:39 |     Big Url: - Remember To Tell Your Friend
Oct 29 (Tue) 15:39 |     Marconi Union - Border Crossing
Oct 29 (Tue) 15:46 |     ten72 - Tithonia
Oct 29 (Tue) 15:51 |     Chris Coco - Onda
Oct 29 (Tue) 15:56 |     Vladi Strecker - Depth of a Moment (Closed Eyes Cut)
Oct 29 (Tue) 16:02 |     Zero 7 - Polaris
Oct 29 (Tue) 16:07 |     Intelligent Jazz - Bionics (Jimpster's Jazz Mix)
Oct 29 (Tue) 16:13 |     Ajja & Cosmosis - Alien Jam
Oct 29 (Tue) 16:23 |     Populous - Bon Bon Pour Les Rappers
Oct 29 (Tue) 16:25 |     Fade - Last drink before i go
Oct 29 (Tue) 16:29 |     Kayatma - Suara
Oct 29 (Tue) 16:37 |     Marc Minot - Sensual but Lethal
Oct 29 (Tue) 16:40 |     Big Url: - Thanks For Listening And Sup
Oct 29 (Tue) 16:40 |     Higher Intelligence Agency - Skank
Oct 29 (Tue) 16:49 |     SomaFM Begathon - We like playing music without commercials
Oct 29 (Tue) 16:50 |     Big Url: - This Is Big Earl, The A I Wi
Oct 29 (Tue) 16:50 |     Polished Chrome - Deep Space
Oct 29 (Tue) 16:56 |     King Of Woolworths - Delia Derbyshire
Oct 29 (Tue) 17:01 |     Terry Bozzio - Melt
Oct 29 (Tue) 17:05 |     Tycho - Jetty
Oct 29 (Tue) 17:09 |     Patchwork - Crisps
Oct 29 (Tue) 17:12 |     The Dining Rooms - Marte
Oct 29 (Tue) 17:14 |     Sounds From The Grounds - Drugstore
Oct 29 (Tue) 17:21 |     One Arc Degree - The Great Chain Of Being
Oct 29 (Tue) 17:25 |     Smokee - Earthsky
Oct 29 (Tue) 17:30 |     Jens Buchert - Sonica (Epilogic Ii)
Oct 29 (Tue) 17:33 |     Smooth Genestar - About Sunset People
Oct 29 (Tue) 17:43 |     Big Url: - Commercial Free, Not Fat Fre
Oct 29 (Tue) 17:43 |     Nightmares On Wax - Argha Noah
Oct 29 (Tue) 17:50 |     Boards Of Canada - Sunshine Recorder
Oct 29 (Tue) 17:56 |     Thomas Lemmer - Ah!
Oct 29 (Tue) 18:01 |     Quantic - Time Is The Enemy
Oct 29 (Tue) 18:05 |     UNN - Metamorphic
Oct 29 (Tue) 18:10 |     Spacefish - Get It On
Oct 29 (Tue) 18:19 |     Air - La Femme D'argent
Oct 29 (Tue) 18:26 |     Cyberchump - Signals
Oct 29 (Tue) 18:31 |     Dr. Toast - Eigentones
Oct 29 (Tue) 18:37 |     Small World - Small World
Oct 29 (Tue) 18:43 |     Kush - I'm Not Myself Lately (Instr.)
Oct 29 (Tue) 18:47 |     Big Url: - Groove Salad, Spreading Love
Oct 29 (Tue) 18:47 |     Setsuna - Lux
Oct 29 (Tue) 18:54 |     Daniel Masson - Les Rubans
Oct 29 (Tue) 18:57 |     Tree Bosier - Dead Leaves Prison
Oct 29 (Tue) 19:00 |     Sounds From The Ground - Anniesland
Oct 29 (Tue) 19:08 |     Rust - Sense of freedom
Oct 29 (Tue) 19:16 |     Emancipator - Minor Cause
Oct 29 (Tue) 19:21 |     Christoph Sebastian Pabst - Morrow
Oct 29 (Tue) 19:24 |     Alex Cortiz - Do Birds Smoke Pot
Oct 29 (Tue) 19:30 |     Tim Angrave - Endless Horizons
Oct 29 (Tue) 19:36 |     Rithma - Opium Dreams
Oct 29 (Tue) 19:40 |     Haring - Canopee
Oct 29 (Tue) 19:45 |     Big Url: - The Vibe Is What You Bring W
Oct 29 (Tue) 19:45 |     Duffer Club - Electraglide
Oct 30 (Wed) 11:06 |     Liminal Drifter - Soothed By Summer
Oct 30 (Wed) 11:11 |     Gold Lounge - Green Land
Oct 30 (Wed) 11:16 |     State Azure - Arcanum
Oct 30 (Wed) 11:19 |     Bounty Ballad - Crisp
Oct 30 (Wed) 11:21 |     Nikosf. - Evergreen
Oct 30 (Wed) 11:28 |     Terminal 3 - Dinner In Coach
Oct 30 (Wed) 11:32 |     Organic Grooves - Cyber-Christ-Electric-Messiah
Oct 30 (Wed) 11:38 |     Smooth Genestar - Movin Night Scapes
Oct 30 (Wed) 12:18 |     Kyoto - Forest Trip
Oct 30 (Wed) 12:21 |     Lypid - The Signs Alive (Fila Brazillia Mix)
Oct 30 (Wed) 12:26 |     Plaid - Buddy
Oct 30 (Wed) 12:32 |     Men O' Harlick - Cuckoo's Nest
Oct 30 (Wed) 12:38 |     Orb - Backside Of The Moon-rmx Steve
Oct 30 (Wed) 12:47 |     Glint - Time
Oct 30 (Wed) 12:52 |     Big Url: - Broadcasting Around The Worl
Oct 30 (Wed) 12:52 |     Ovnimoon - Arcoiris
Oct 30 (Wed) 13:02 |     Tin Box - Diamond Shores
Oct 30 (Wed) 13:08 |     Impuls - Sushi A La Bangalore
Oct 30 (Wed) 13:14 |     Thievery Corporation - Until The Morning
Oct 30 (Wed) 13:17 |     Sound From The Ground - Eclipse On 5th
Oct 30 (Wed) 13:23 |     dZihan & Kamien - Debussy
Oct 30 (Wed) 13:28 |     Supreme Beings Of Leisure - What's The Deal
Oct 30 (Wed) 13:31 |     G.O.L. - Saline Solution
Oct 30 (Wed) 13:38 |     Boards Of Canada - Slow This Bird Down
Oct 30 (Wed) 13:43 |     Luis Junior - Urban Woman
Oct 30 (Wed) 13:52 |     Waldeck - Slaapwagen
Oct 30 (Wed) 14:28 | >>> Station: The Trip: [SomaFM]
Oct 30 (Wed) 14:28 |     Sunshine - The Valley Boy Sunastacia And Rain City (Original Mix)
Oct 30 (Wed) 14:30 | >>> Station: SomaFM Groove Salad
Oct 30 (Wed) 14:30 |     Nighthawks - Hornflakes Diner
Oct 30 (Wed) 14:30 | >>> Station: SomaFM Space Station
Oct 30 (Wed) 14:30 |     Sounds From The Ground - Clover
Oct 30 (Wed) 14:32 |     Zero Cult - Edelweiss
Oct 30 (Wed) 14:41 | >>> Station: SomaFM Groove Salad
Oct 30 (Wed) 14:41 |     Ghosts Of Paraguay - The Swan
Oct 30 (Wed) 14:44 |     Puff Dragon - Refracted Light
Oct 30 (Wed) 14:51 |     Yogi Rulez - Cold Trip
Oct 30 (Wed) 14:55 |     Big Url: - Spinning The Virtual Chill,
Oct 30 (Wed) 14:55 |     Hemisphere - About Suggestion
Oct 30 (Wed) 15:02 |     Aether - Forgive Me
Oct 30 (Wed) 15:04 |     Zoomin' Feat. Fay Sephirah - Purify Myself (Instrumental)
Oct 30 (Wed) 15:08 |     King Of Woolworths - Hub 100
Oct 30 (Wed) 15:14 |     Fade - Yes clear
Oct 30 (Wed) 15:18 |     Evolve - Tantos Maneras
Oct 30 (Wed) 15:24 |     Sounds From The Grounds - Shine
Oct 30 (Wed) 15:29 |     Space Gang - After Midnight
Oct 30 (Wed) 15:32 |     Jens Buchert - Aquanaut
Oct 30 (Wed) 15:36 |     Sine - The Beginning
Oct 30 (Wed) 15:41 |     Smooth Genestar - Jazz, Hop and the rest of that family
Oct 30 (Wed) 15:49 |     Big Url: - This Is Groove Salad On Soma
Oct 30 (Wed) 15:49 |     Potlatch - After Rain
Oct 30 (Wed) 15:52 |     Mb - Woody Green
Oct 30 (Wed) 15:57 |     Chris Joss - By Night
Oct 30 (Wed) 16:01 |     Eric Hilton - Lost Dialect
Oct 30 (Wed) 16:04 |     Natsuko's Lounge Bay - Flamingo Lagoon
Oct 30 (Wed) 16:09 |     Hideo Kobayashi - Lotus : Tribute to Sy Klopps
Oct 30 (Wed) 16:17 |     Alucidnation - Protocol
Oct 30 (Wed) 16:22 |     Attic Tree - Reminisce
Oct 30 (Wed) 16:26 |     Lenny Ibizarre - When the ocean smiles
Oct 30 (Wed) 16:32 |     Rena Jones - Mesmerized
Oct 30 (Wed) 16:37 |     Jose Padilla - Blues For Ibiza
Oct 30 (Wed) 16:42 |     Big Url: - Listener Supported, Commerci
Oct 30 (Wed) 16:42 |     Bering Strait - Romance (Synkro Remix)
Oct 30 (Wed) 16:47 |     Alper - 23 Years
Oct 30 (Wed) 16:50 |     SomaFM Begathon - Most Listened to in the world
Oct 30 (Wed) 16:50 |     Big Url: - Groove Salad. Low In Calorie
Oct 30 (Wed) 16:50 |     Shakatura - Baldoscious Turp (Elphinstone Mix)
Oct 30 (Wed) 16:58 |     Morgan Page - Return To Me
Oct 30 (Wed) 17:00 |     Puff Dragon - Shimmer
Oct 30 (Wed) 17:08 |     Afternoons In Stereo - Tinto Brass
Oct 30 (Wed) 17:13 |     SinQ - Experiments One
Oct 30 (Wed) 17:19 |     T.vs. T - The Secret
Oct 30 (Wed) 17:26 |     Bush - Letting the Cables Sleep (Nightmares On Wax Remix)
Oct 30 (Wed) 17:31 |     Ilya Maksimov - Mayak
Oct 31 (Thu) 07:23 |     Chris Zippel - Mirror Dawn
Oct 31 (Thu) 07:25 |     Zane Tate - Late Night Storm (Previously Unreleased)
Oct 31 (Thu) 07:29 |     William Orbit - Atom Dream
Oct 31 (Thu) 07:32 |     Amba - Moonbathing
Oct 31 (Thu) 07:38 |     Cantoma - Under The Stars
Oct 31 (Thu) 07:38 | === Logging stopped
Nov 14 (Thu) 02:41 | === Logging started
Nov 14 (Thu) 02:41 | >>> Station: SomaFM Groove Salad
Nov 14 (Thu) 02:41 |     State Azure - Exile
Nov 14 (Thu) 02:41 | === Logging stopped
Nov 14 (Thu) 02:41 | === Logging started
Nov 14 (Thu) 02:41 | >>> Station: SomaFM Groove Salad
Nov 14 (Thu) 02:41 |     State Azure - Exile
Nov 14 (Thu) 02:41 |     State Azure - Exile (LIKED)
Nov 14 (Thu) 02:41 | === Logging stopped
Dec 17 (Tue) 12:06 | === Logging started
Dec 17 (Tue) 12:06 | >>> Station: SomaFM Groove Salad
Dec 17 (Tue) 12:06 |     Solee - Legends (Slow Motion Mix)
Dec 17 (Tue) 12:06 |     Solee - Legends (Slow Motion Mix) (LIKED)
Dec 17 (Tue) 12:06 | === Logging stopped
Jan 02 (Thu) 09:59 | === Logging started
Jan 02 (Thu) 09:59 | >>> Station: Dance Wave Retro!
Jan 02 (Thu) 09:59 |     All about Dance before 2000!
Jan 02 (Thu) 09:59 |     All about Dance before 2000! (LIKED)
Jan 02 (Thu) 09:59 | === Logging stopped
Jan 02 (Thu) 10:55 | === Logging started
Jan 02 (Thu) 10:55 | >>> Station: Radio Paradise - Eclectic Mix
Jan 02 (Thu) 10:55 |     Cochemea - Mitote
Jan 02 (Thu) 10:55 |     Cochemea - Mitote (LIKED)
Jan 02 (Thu) 10:55 | === Logging stopped
Jan 02 (Thu) 10:57 | === Logging started
Jan 02 (Thu) 10:57 | >>> Station: Radio Paradise - Eclectic Mix
Jan 02 (Thu) 10:57 |     Kíla - Wandering Fish
Jan 02 (Thu) 10:57 |     Kíla - Wandering Fish (LIKED)
Jan 02 (Thu) 10:57 | === Logging stopped
Jan 06 (Mon) 13:11 | === Logging started
Jan 06 (Mon) 13:11 | >>> Station: - 0 N - New Wave on Radio
Jan 06 (Mon) 13:11 |     INXS - Suicide Blonde 
Jan 06 (Mon) 13:11 |     INXS - Suicide Blonde  (LIKED)
Jan 06 (Mon) 13:11 | === Logging stopped
Jan 27 (Mon) 10:47 | === Logging started
Jan 27 (Mon) 10:47 | >>> Station: SomaFM Groove Salad
Jan 27 (Mon) 10:47 |     Nelson Vaz - In Your Room Tonight
Jan 27 (Mon) 10:47 |     Nelson Vaz - In Your Room Tonight (LIKED)
Jan 27 (Mon) 10:47 | === Logging stopped
Jan 30 (Thu) 20:18 | === Logging started
Jan 30 (Thu) 20:18 | >>> Station: Synphaera Radio (Space Music)
Jan 30 (Thu) 20:18 |     K. Markov - Exotic Landscape
Jan 30 (Thu) 20:18 |     K. Markov - Exotic Landscape (LIKED)
Jan 30 (Thu) 20:18 | === Logging stopped
Feb 02 (Sun) 19:49 | === Logging started
Feb 02 (Sun) 19:49 | >>> Station: SomaFM Groove Salad
Feb 02 (Sun) 19:49 |     State Azure - Converging
Feb 02 (Sun) 19:49 |     State Azure - Converging (LIKED)
Feb 02 (Sun) 19:49 | === Logging stopped
Feb 03 (Mon) 19:06 | === Logging started
Feb 03 (Mon) 19:06 | >>> Station: Synphaera Radio (Space Music)
Feb 03 (Mon) 19:06 |     Extraworld - Hypothetical Moon
Feb 03 (Mon) 19:06 |     Extraworld - Hypothetical Moon (LIKED)
Feb 03 (Mon) 19:06 | === Logging stopped
Feb 19 (Wed) 14:27 | === Logging started
Feb 19 (Wed) 14:27 | >>> Station: SomaFM Groove Salad
Feb 19 (Wed) 14:27 |     Franco Molinari - Volare
Feb 19 (Wed) 14:27 |     Franco Molinari - Volare (LIKED)
Feb 19 (Wed) 14:27 | === Logging stopped
Feb 20 (Thu) 12:25 | === Logging started
Feb 20 (Thu) 12:25 | >>> Station: WRIX Electric City Bluegrass 
Feb 20 (Thu) 12:25 |     Backline - Shadow Drift
Feb 20 (Thu) 12:25 |     Backline - Shadow Drift (LIKED)
Feb 20 (Thu) 12:25 | === Logging stopped
Feb 20 (Thu) 13:43 | === Logging started
Feb 20 (Thu) 13:43 | >>> Station: WRIX Electric City Bluegrass
Feb 20 (Thu) 13:43 |     Iron Horse - The Unforgiven
Feb 20 (Thu) 13:43 |     Iron Horse - The Unforgiven (LIKED)
Feb 20 (Thu) 13:43 | === Logging stopped
Feb 21 (Fri) 12:04 | === Logging started
Feb 21 (Fri) 12:04 | >>> Station: WRIX Electric City Bluegrass
Feb 21 (Fri) 12:04 |     Specail Consensus - Wild Montana Skies
Feb 21 (Fri) 12:04 |     Specail Consensus - Wild Montana Skies (LIKED)
Feb 21 (Fri) 12:04 | === Logging stopped
Feb 21 (Fri) 12:37 | === Logging started
Feb 21 (Fri) 12:37 | >>> Station: WRIX Electric City Bluegrass
Feb 21 (Fri) 12:37 |     The King James Boys - He's Holding On To Me
Feb 21 (Fri) 12:37 |     The King James Boys - He's Holding On To Me (LIKED)
Feb 21 (Fri) 12:37 | === Logging stopped
Feb 25 (Tue) 12:07 | === Logging started
Feb 25 (Tue) 12:07 | >>> Station: WRIX Electric City Bluegrass
Feb 25 (Tue) 12:07 |     Atkins & Loudermilk - Swing Low Sweet Chariot
Feb 25 (Tue) 12:07 |     Atkins & Loudermilk - Swing Low Sweet Chariot (LIKED)
Feb 25 (Tue) 12:07 | === Logging stopped
Feb 25 (Tue) 14:53 | === Logging started
Feb 25 (Tue) 14:53 | >>> Station: Radio Caprice Bluegrass
Feb 25 (Tue) 14:53 |     Doc Watson - Sweet Heaven When I Die
Feb 25 (Tue) 14:53 |     Doc Watson - Sweet Heaven When I Die (LIKED)
Feb 25 (Tue) 14:53 | === Logging stopped
Feb 25 (Tue) 15:15 | === Logging started
Feb 25 (Tue) 15:15 | >>> Station: Radio Caprice Bluegrass
Feb 25 (Tue) 15:15 |     Dierks Bentley - Up On The Ridge
Feb 25 (Tue) 15:15 |     Dierks Bentley - Up On The Ridge (LIKED)
Feb 25 (Tue) 15:15 | === Logging stopped
